<?xml version="1.0" encoding="UTF-8"?>
<!-- Generated by org.testng.reporters.JUnitReportReporter -->
<testsuite skipped="0" hostname="NARENDRA" name="test.Day2" tests="4" failures="0" timestamp="2020-07-13T17:28:51 IST" time="0.019" errors="0">
  <testcase name="Login" time="0.007" classname="test.Day2"/>
  <system-out/>
  <testcase name="Login" time="0.002" classname="test.Day2"/>
  <system-out/>
  <testcase name="Login" time="0.006" classname="test.Day2"/>
  <system-out/>
  <testcase name="thirdTest" time="0.004" classname="test.Day2"/>
  <system-out/>
</testsuite> <!-- test.Day2 -->
