<?xml version="1.0" encoding="UTF-8"?>
<!-- Generated by org.testng.reporters.JUnitReportReporter -->
<testsuite skipped="1" hostname="NARENDRA" name="test.Day3" tests="2" failures="0" timestamp="2020-07-13T17:28:51 IST" time="0.037" errors="0">
  <testcase name="WebloginCarLoan" time="0.037" classname="test.Day3"/>
  <system-out/>
  <testcase name="MobilepayCarLoan" classname="test.Day3">
    <skipped/>
  </testcase> <!-- MobilepayCarLoan -->
  <system-out/>
</testsuite> <!-- test.Day3 -->
