<?xml version="1.0" encoding="UTF-8"?>
<!-- Generated by org.testng.reporters.JUnitReportReporter -->
<testsuite skipped="0" hostname="NARENDRA" name="test.Day4" tests="2" failures="0" timestamp="2020-07-13T17:28:51 IST" time="0.010" errors="0">
  <testcase name="WebloginHomeLoan" time="0.007" classname="test.Day4"/>
  <system-out/>
  <testcase name="MobileloginHomeLoan" time="0.003" classname="test.Day4"/>
  <system-out/>
</testsuite> <!-- test.Day4 -->
